<?xml version="1.0" encoding="UTF-8"?>
<testng-results ignored="0" total="6" passed="6" failed="0" skipped="0">
  <reporter-output>
  </reporter-output>
  <suite started-at="2023-03-29T20:37:51 IST" name="Default suite" finished-at="2023-03-29T20:39:03 IST" duration-ms="72848">
    <groups>
      <group name="cucumber">
        <method signature="AbstractTestNGCucumberTests.runScenario(io.cucumber.testng.PickleWrapper,io.cucumber.testng.FeatureWrapper)[pri:0, instance:cucumberOptions.TestRunner@397fbdb]" name="runScenario" class="io.cucumber.testng.AbstractTestNGCucumberTests"/>
      </group> <!-- cucumber -->
    </groups>
    <test started-at="2023-03-29T20:37:51 IST" name="Default test" finished-at="2023-03-29T20:39:03 IST" duration-ms="72848">
      <class name="cucumberOptions.TestRunner">
        <test-method is-config="true" signature="setUpClass(org.testng.ITestContext)[pri:0, instance:cucumberOptions.TestRunner@397fbdb]" started-at="2023-03-29T20:37:51 IST" name="setUpClass" finished-at="2023-03-29T20:37:51 IST" duration-ms="742" status="PASS">
          <params>
            <param index="0">
              <value>
                <![CDATA[org.testng.TestRunner@1e12a5a6]]>
              </value>
            </param>
          </params>
          <reporter-output>
          </reporter-output>
        </test-method> <!-- setUpClass -->
        <test-method signature="runScenario(io.cucumber.testng.PickleWrapper,io.cucumber.testng.FeatureWrapper)[pri:0, instance:cucumberOptions.TestRunner@397fbdb]" started-at="2023-03-29T20:37:51 IST" name="runScenario" description="Runs Cucumber Scenarios" data-provider="scenarios" finished-at="2023-03-29T20:37:59 IST" duration-ms="7766" status="PASS">
          <params>
            <param index="0">
              <value>
                <![CDATA["Verify user is able to buy product from homepage flow as Guest"]]>
              </value>
            </param>
            <param index="1">
              <value>
                <![CDATA["Buy Product Functionality"]]>
              </value>
            </param>
          </params>
          <reporter-output>
          </reporter-output>
        </test-method> <!-- runScenario -->
        <test-method signature="runScenario(io.cucumber.testng.PickleWrapper,io.cucumber.testng.FeatureWrapper)[pri:0, instance:cucumberOptions.TestRunner@397fbdb]" started-at="2023-03-29T20:37:59 IST" name="runScenario" description="Runs Cucumber Scenarios" data-provider="scenarios" finished-at="2023-03-29T20:38:08 IST" duration-ms="9310" status="PASS">
          <params>
            <param index="0">
              <value>
                <![CDATA["Verify user is able to buy product from tab flow as Guest"]]>
              </value>
            </param>
            <param index="1">
              <value>
                <![CDATA["Buy Product Functionality"]]>
              </value>
            </param>
          </params>
          <reporter-output>
          </reporter-output>
        </test-method> <!-- runScenario -->
        <test-method signature="runScenario(io.cucumber.testng.PickleWrapper,io.cucumber.testng.FeatureWrapper)[pri:0, instance:cucumberOptions.TestRunner@397fbdb]" started-at="2023-03-29T20:38:08 IST" name="runScenario" description="Runs Cucumber Scenarios" data-provider="scenarios" finished-at="2023-03-29T20:38:25 IST" duration-ms="16801" status="PASS">
          <params>
            <param index="0">
              <value>
                <![CDATA["Verify user is able to logged in account with valid details"]]>
              </value>
            </param>
            <param index="1">
              <value>
                <![CDATA["Login Functionality"]]>
              </value>
            </param>
          </params>
          <reporter-output>
          </reporter-output>
        </test-method> <!-- runScenario -->
        <test-method signature="runScenario(io.cucumber.testng.PickleWrapper,io.cucumber.testng.FeatureWrapper)[pri:0, instance:cucumberOptions.TestRunner@397fbdb]" started-at="2023-03-29T20:38:25 IST" name="runScenario" description="Runs Cucumber Scenarios" data-provider="scenarios" finished-at="2023-03-29T20:38:35 IST" duration-ms="9941" status="PASS">
          <params>
            <param index="0">
              <value>
                <![CDATA["Verify user unable to login with invalid details"]]>
              </value>
            </param>
            <param index="1">
              <value>
                <![CDATA["Login Functionality"]]>
              </value>
            </param>
          </params>
          <reporter-output>
          </reporter-output>
        </test-method> <!-- runScenario -->
        <test-method signature="runScenario(io.cucumber.testng.PickleWrapper,io.cucumber.testng.FeatureWrapper)[pri:0, instance:cucumberOptions.TestRunner@397fbdb]" started-at="2023-03-29T20:38:35 IST" name="runScenario" description="Runs Cucumber Scenarios" data-provider="scenarios" finished-at="2023-03-29T20:38:51 IST" duration-ms="16141" status="PASS">
          <params>
            <param index="0">
              <value>
                <![CDATA["Verify user is able to create account with valid details"]]>
              </value>
            </param>
            <param index="1">
              <value>
                <![CDATA["Register Functionality"]]>
              </value>
            </param>
          </params>
          <reporter-output>
          </reporter-output>
        </test-method> <!-- runScenario -->
        <test-method signature="runScenario(io.cucumber.testng.PickleWrapper,io.cucumber.testng.FeatureWrapper)[pri:0, instance:cucumberOptions.TestRunner@397fbdb]" started-at="2023-03-29T20:38:51 IST" name="runScenario" description="Runs Cucumber Scenarios" data-provider="scenarios" finished-at="2023-03-29T20:39:03 IST" duration-ms="11920" status="PASS">
          <params>
            <param index="0">
              <value>
                <![CDATA["Verify user unable to create account with invalid details - Tried with existing email"]]>
              </value>
            </param>
            <param index="1">
              <value>
                <![CDATA["Register Functionality"]]>
              </value>
            </param>
          </params>
          <reporter-output>
          </reporter-output>
        </test-method> <!-- runScenario -->
        <test-method is-config="true" signature="tearDownClass()[pri:0, instance:cucumberOptions.TestRunner@397fbdb]" started-at="2023-03-29T20:39:03 IST" name="tearDownClass" finished-at="2023-03-29T20:39:03 IST" duration-ms="133" status="PASS">
          <reporter-output>
          </reporter-output>
        </test-method> <!-- tearDownClass -->
      </class> <!-- cucumberOptions.TestRunner -->
    </test> <!-- Default test -->
  </suite> <!-- Default suite -->
</testng-results>
